<?xml version="1.0" encoding="UTF-8"?>
<!-- Generated by org.testng.reporters.JUnitReportReporter -->
<testsuite hostname="TYC1221031" failures="0" tests="2" name="Latest.NewTest" time="0.015" errors="0" timestamp="28 Apr 2022 15:17:56 GMT" skipped="0">
  <testcase classname="Latest.NewTest" name="Hi" time="0.001"/>
  <testcase classname="Latest.NewTest" name="Hello" time="0.014"/>
</testsuite> <!-- Latest.NewTest -->
